#
# An unexpected error has been detected by Java Runtime Environment:
#
#  EXCEPTION_ACCESS_VIOLATION (0xc0000005) at pc=0x5e379d86, pid=20984, tid=21004
#
# Java VM: Java HotSpot(TM) Client VM (11.0-b16 mixed mode windows-x86)
# Problematic frame:
# C  [glpk_4_45.dll+0x19d86]
#
# If you would like to submit a bug report, please visit:
#   http://java.sun.com/webapps/bugreport/crash.jsp
# The crash happened outside the Java Virtual Machine in native code.
# See problematic frame for where to report the bug.
#

---------------  T H R E A D  ---------------

Current thread (0x4a63ac00):  JavaThread "AWT-EventQueue-0" [_thread_in_native, id=21004, stack(0x4bcb0000,0x4bd00000)]

siginfo: ExceptionCode=0xc0000005, reading address 0x537777b8

Registers:
EAX=0x537777b8, EBX=0x45579c88, ECX=0x4bae1300, EDX=0x00000000
ESP=0x4bcff000, EBP=0x4bcff078, ESI=0x4bae13b0, EDI=0x4a63ac00
EIP=0x5e379d86, EFLAGS=0x00010206

Top of Stack: (sp=0x4bcff000)
0x4bcff000:   4bae1300 5e362e32 4bae13b0 4bae1300
0x4bcff010:   5e362f08 45579c88 693744b9 4bae1300
0x4bcff020:   69371180 4bcff034 45579c88 4a63ad14
0x4bcff030:   4bae1300 4bcff078 45579c88 4a63ac00
0x4bcff040:   45579c88 4bcff01c 69374466 4bcffc38
0x4bcff050:   00000000 56433230 00000000 00000006
0x4bcff060:   00000008 4a63ac00 45579c88 45579c88
0x4bcff070:   02189c13 c4b03e4a 4bcff0b4 02189d11 

Instructions: (pc=0x5e379d86)
0x5e379d76:   be 80 00 00 00 00 74 22 8b ff 8b 86 80 00 00 00
0x5e379d86:   8b 08 50 89 8e 80 00 00 00 e8 6c 43 00 00 83 c4 


Stack: [0x4bcb0000,0x4bd00000],  sp=0x4bcff000,  free space=316k
Native frames: (J=compiled Java code, j=interpreted, Vv=VM code, C=native code)
C  [glpk_4_45.dll+0x19d86]
j  org.gnu.glpk.GLPKJNI.glp_delete_prob(JLorg/gnu/glpk/glp_prob;)V+0
J  net.sf.javailp.SolverGLPK.solve(Lnet/sf/javailp/Problem;)Lnet/sf/javailp/Result;
J  org.supremica.automata.BDD.ReduceBDDvars.printAllPaths()V
j  org.supremica.gui.ide.actions.EditorSynthesizerAction.doAction()V+184
j  org.supremica.gui.ide.actions.EditorSynthesizerAction.actionPerformed(Ljava/awt/event/ActionEvent;)V+1
j  javax.swing.AbstractButton.fireActionPerformed(Ljava/awt/event/ActionEvent;)V+84
j  javax.swing.AbstractButton$Handler.actionPerformed(Ljava/awt/event/ActionEvent;)V+5
j  javax.swing.DefaultButtonModel.fireActionPerformed(Ljava/awt/event/ActionEvent;)V+35
j  javax.swing.DefaultButtonModel.setPressed(Z)V+117
j  javax.swing.AbstractButton.doClick(I)V+64
j  javax.swing.plaf.basic.BasicMenuItemUI.doClick(Ljavax/swing/MenuSelectionManager;)V+53
j  javax.swing.plaf.basic.BasicMenuItemUI$Handler.mouseReleased(Ljava/awt/event/MouseEvent;)V+62
j  java.awt.AWTEventMulticaster.mouseReleased(Ljava/awt/event/MouseEvent;)V+8
j  java.awt.Component.processMouseEvent(Ljava/awt/event/MouseEvent;)V+64
j  javax.swing.JComponent.processMouseEvent(Ljava/awt/event/MouseEvent;)V+23
j  java.awt.Component.processEvent(Ljava/awt/AWTEvent;)V+81
j  java.awt.Container.processEvent(Ljava/awt/AWTEvent;)V+18
j  java.awt.Component.dispatchEventImpl(Ljava/awt/AWTEvent;)V+562
j  java.awt.Container.dispatchEventImpl(Ljava/awt/AWTEvent;)V+42
J  java.awt.LightweightDispatcher.retargetMouseEvent(Ljava/awt/Component;ILjava/awt/event/MouseEvent;)V
j  java.awt.LightweightDispatcher.processMouseEvent(Ljava/awt/event/MouseEvent;)Z+139
j  java.awt.LightweightDispatcher.dispatchEvent(Ljava/awt/AWTEvent;)Z+50
j  java.awt.Container.dispatchEventImpl(Ljava/awt/AWTEvent;)V+12
j  java.awt.Window.dispatchEventImpl(Ljava/awt/AWTEvent;)V+19
j  java.awt.Component.dispatchEvent(Ljava/awt/AWTEvent;)V+2
j  java.awt.EventQueue.dispatchEvent(Ljava/awt/AWTEvent;)V+46
J  java.awt.EventDispatchThread.pumpOneEventForFilters(I)Z
j  java.awt.EventDispatchThread.pumpEventsForFilter(ILjava/awt/Conditional;Ljava/awt/EventFilter;)V+30
j  java.awt.EventDispatchThread.pumpEventsForHierarchy(ILjava/awt/Conditional;Ljava/awt/Component;)V+11
j  java.awt.EventDispatchThread.pumpEvents(ILjava/awt/Conditional;)V+4
j  java.awt.EventDispatchThread.pumpEvents(Ljava/awt/Conditional;)V+3
j  java.awt.EventDispatchThread.run()V+9
v  ~StubRoutines::call_stub

Java frames: (J=compiled Java code, j=interpreted, Vv=VM code)
j  org.gnu.glpk.GLPKJNI.glp_delete_prob(JLorg/gnu/glpk/glp_prob;)V+0
J  net.sf.javailp.SolverGLPK.solve(Lnet/sf/javailp/Problem;)Lnet/sf/javailp/Result;
J  org.supremica.automata.BDD.ReduceBDDvars.printAllPaths()V
j  org.supremica.gui.ide.actions.EditorSynthesizerAction.doAction()V+184
j  org.supremica.gui.ide.actions.EditorSynthesizerAction.actionPerformed(Ljava/awt/event/ActionEvent;)V+1
j  javax.swing.AbstractButton.fireActionPerformed(Ljava/awt/event/ActionEvent;)V+84
j  javax.swing.AbstractButton$Handler.actionPerformed(Ljava/awt/event/ActionEvent;)V+5
j  javax.swing.DefaultButtonModel.fireActionPerformed(Ljava/awt/event/ActionEvent;)V+35
j  javax.swing.DefaultButtonModel.setPressed(Z)V+117
j  javax.swing.AbstractButton.doClick(I)V+64
j  javax.swing.plaf.basic.BasicMenuItemUI.doClick(Ljavax/swing/MenuSelectionManager;)V+53
j  javax.swing.plaf.basic.BasicMenuItemUI$Handler.mouseReleased(Ljava/awt/event/MouseEvent;)V+62
j  java.awt.AWTEventMulticaster.mouseReleased(Ljava/awt/event/MouseEvent;)V+8
j  java.awt.Component.processMouseEvent(Ljava/awt/event/MouseEvent;)V+64
j  javax.swing.JComponent.processMouseEvent(Ljava/awt/event/MouseEvent;)V+23
j  java.awt.Component.processEvent(Ljava/awt/AWTEvent;)V+81
j  java.awt.Container.processEvent(Ljava/awt/AWTEvent;)V+18
j  java.awt.Component.dispatchEventImpl(Ljava/awt/AWTEvent;)V+562
j  java.awt.Container.dispatchEventImpl(Ljava/awt/AWTEvent;)V+42
J  java.awt.LightweightDispatcher.retargetMouseEvent(Ljava/awt/Component;ILjava/awt/event/MouseEvent;)V
j  java.awt.LightweightDispatcher.processMouseEvent(Ljava/awt/event/MouseEvent;)Z+139
j  java.awt.LightweightDispatcher.dispatchEvent(Ljava/awt/AWTEvent;)Z+50
j  java.awt.Container.dispatchEventImpl(Ljava/awt/AWTEvent;)V+12
j  java.awt.Window.dispatchEventImpl(Ljava/awt/AWTEvent;)V+19
j  java.awt.Component.dispatchEvent(Ljava/awt/AWTEvent;)V+2
j  java.awt.EventQueue.dispatchEvent(Ljava/awt/AWTEvent;)V+46
J  java.awt.EventDispatchThread.pumpOneEventForFilters(I)Z
j  java.awt.EventDispatchThread.pumpEventsForFilter(ILjava/awt/Conditional;Ljava/awt/EventFilter;)V+30
j  java.awt.EventDispatchThread.pumpEventsForHierarchy(ILjava/awt/Conditional;Ljava/awt/Component;)V+11
j  java.awt.EventDispatchThread.pumpEvents(ILjava/awt/Conditional;)V+4
j  java.awt.EventDispatchThread.pumpEvents(Ljava/awt/Conditional;)V+3
j  java.awt.EventDispatchThread.run()V+9
v  ~StubRoutines::call_stub

---------------  P R O C E S S  ---------------

Java Threads: ( => current thread )
  0x4bf11000 JavaThread "D3D Screen Updater" daemon [_thread_blocked, id=21284, stack(0x4b610000,0x4b660000)]
  0x4bf10c00 JavaThread "DestroyJavaVM" [_thread_blocked, id=11904, stack(0x00200000,0x00250000)]
  0x4bf10000 JavaThread "TimerQueue" daemon [_thread_blocked, id=19024, stack(0x4b410000,0x4b460000)]
  0x4bf0f800 JavaThread "Swing-Shell" daemon [_thread_blocked, id=17572, stack(0x4ac30000,0x4ac80000)]
  0x4a7ce800 JavaThread "Thread-3" daemon [_thread_in_native, id=18168, stack(0x4c330000,0x4c380000)]
  0x4a7ce000 JavaThread "Thread-2" daemon [_thread_in_native, id=20936, stack(0x4c240000,0x4c290000)]
=>0x4a63ac00 JavaThread "AWT-EventQueue-0" [_thread_in_native, id=21004, stack(0x4bcb0000,0x4bd00000)]
  0x02171400 JavaThread "AWT-Windows" daemon [_thread_in_native, id=21028, stack(0x4ab40000,0x4ab90000)]
  0x0216e000 JavaThread "AWT-Shutdown" [_thread_blocked, id=17724, stack(0x4aaf0000,0x4ab40000)]
  0x0216d400 JavaThread "Java2D Disposer" daemon [_thread_blocked, id=21340, stack(0x4a9e0000,0x4aa30000)]
  0x02134400 JavaThread "Low Memory Detector" daemon [_thread_blocked, id=19896, stack(0x4a4f0000,0x4a540000)]
  0x0212f000 JavaThread "CompilerThread0" daemon [_thread_blocked, id=21228, stack(0x4a460000,0x4a4b0000)]
  0x0212ec00 JavaThread "Attach Listener" daemon [_thread_blocked, id=21036, stack(0x4a3d0000,0x4a420000)]
  0x02124000 JavaThread "Signal Dispatcher" daemon [_thread_blocked, id=21060, stack(0x4a340000,0x4a390000)]
  0x02113000 JavaThread "Finalizer" daemon [_thread_blocked, id=20668, stack(0x4a2b0000,0x4a300000)]
  0x0210e400 JavaThread "Reference Handler" daemon [_thread_blocked, id=21236, stack(0x4a220000,0x4a270000)]

Other Threads:
  0x0210b000 VMThread [stack: 0x4a190000,0x4a1e0000] [id=1032]
  0x0214e800 WatcherThread [stack: 0x4a580000,0x4a5d0000] [id=20084]

VM state:not at safepoint (normal execution)

VM Mutex/Monitor currently owned by a thread: None

Heap
 def new generation   total 72576K, used 2011K [0x04180000, 0x09040000, 0x09040000)
  eden space 64512K,   3% used [0x04180000, 0x04376d18, 0x08080000)
  from space 8064K,   0% used [0x08860000, 0x08860000, 0x09040000)
  to   space 8064K,   0% used [0x08080000, 0x08080000, 0x08860000)
 tenured generation   total 967936K, used 67047K [0x09040000, 0x44180000, 0x44180000)
   the space 967936K,   6% used [0x09040000, 0x0d1b9e50, 0x0d1ba000, 0x44180000)
 compacting perm gen  total 20736K, used 20531K [0x44180000, 0x455c0000, 0x48180000)
   the space 20736K,  99% used [0x44180000, 0x4558ced0, 0x4558d000, 0x455c0000)
No shared spaces configured.

Dynamic libraries:
0x00400000 - 0x00424000 	C:\Program Files (x86)\Java\jdk1.6.0_11\jre\bin\java.exe
0x77df0000 - 0x77f70000 	C:\Windows\SysWOW64\ntdll.dll
0x75cd0000 - 0x75dd0000 	C:\Windows\syswow64\kernel32.dll
0x77050000 - 0x77096000 	C:\Windows\syswow64\KERNELBASE.dll
0x760f0000 - 0x76190000 	C:\Windows\syswow64\ADVAPI32.dll
0x77130000 - 0x771dc000 	C:\Windows\syswow64\msvcrt.dll
0x773e0000 - 0x773f9000 	C:\Windows\SysWOW64\sechost.dll
0x772e0000 - 0x773d0000 	C:\Windows\syswow64\RPCRT4.dll
0x75960000 - 0x759c0000 	C:\Windows\syswow64\SspiCli.dll
0x75950000 - 0x7595c000 	C:\Windows\syswow64\CRYPTBASE.dll
0x7c340000 - 0x7c396000 	C:\Program Files (x86)\Java\jdk1.6.0_11\jre\bin\msvcr71.dll
0x6d8b0000 - 0x6db06000 	C:\Program Files (x86)\Java\jdk1.6.0_11\jre\bin\client\jvm.dll
0x75ff0000 - 0x760f0000 	C:\Windows\syswow64\USER32.dll
0x75c40000 - 0x75cd0000 	C:\Windows\syswow64\GDI32.dll
0x773d0000 - 0x773da000 	C:\Windows\syswow64\LPK.dll
0x76ee0000 - 0x76f7d000 	C:\Windows\syswow64\USP10.dll
0x73f80000 - 0x73fb2000 	C:\Windows\system32\WINMM.dll
0x770d0000 - 0x77130000 	C:\Windows\system32\IMM32.DLL
0x761c0000 - 0x7628c000 	C:\Windows\syswow64\MSCTF.dll
0x73470000 - 0x734bb000 	C:\Windows\system32\apphelp.dll
0x6d330000 - 0x6d338000 	C:\Program Files (x86)\Java\jdk1.6.0_11\jre\bin\hpi.dll
0x77030000 - 0x77035000 	C:\Windows\syswow64\PSAPI.DLL
0x6d860000 - 0x6d86c000 	C:\Program Files (x86)\Java\jdk1.6.0_11\jre\bin\verify.dll
0x6d3d0000 - 0x6d3ef000 	C:\Program Files (x86)\Java\jdk1.6.0_11\jre\bin\java.dll
0x6d8a0000 - 0x6d8af000 	C:\Program Files (x86)\Java\jdk1.6.0_11\jre\bin\zip.dll
0x6d0b0000 - 0x6d1e8000 	C:\Program Files (x86)\Java\jdk1.6.0_11\jre\bin\awt.dll
0x74030000 - 0x74081000 	C:\Windows\system32\WINSPOOL.DRV
0x775d0000 - 0x7772c000 	C:\Windows\syswow64\ole32.dll
0x73570000 - 0x7370e000 	C:\Windows\WinSxS\x86_microsoft.windows.common-controls_6595b64144ccf1df_6.0.7600.16661_none_420fe3fa2b8113bd\comctl32.dll
0x77990000 - 0x779e7000 	C:\Windows\syswow64\SHLWAPI.dll
0x73950000 - 0x73963000 	C:\Windows\system32\DWMAPI.DLL
0x738d0000 - 0x73950000 	C:\Windows\system32\uxtheme.dll
0x6d2d0000 - 0x6d324000 	C:\Program Files (x86)\Java\jdk1.6.0_11\jre\bin\fontmanager.dll
0x76290000 - 0x76ed9000 	C:\Windows\syswow64\shell32.dll
0x6d6c0000 - 0x6d6d3000 	C:\Program Files (x86)\Java\jdk1.6.0_11\jre\bin\net.dll
0x77530000 - 0x77565000 	C:\Windows\syswow64\WS2_32.dll
0x77520000 - 0x77526000 	C:\Windows\syswow64\NSI.dll
0x745a0000 - 0x745dc000 	C:\Windows\system32\mswsock.dll
0x74460000 - 0x74466000 	C:\Windows\System32\wship6.dll
0x6d6e0000 - 0x6d6e9000 	C:\Program Files (x86)\Java\jdk1.6.0_11\jre\bin\nio.dll
0x744b0000 - 0x744c6000 	C:\Windows\system32\CRYPTSP.dll
0x74470000 - 0x744ab000 	C:\Windows\system32\rsaenh.dll
0x75680000 - 0x75697000 	C:\Windows\system32\USERENV.dll
0x75670000 - 0x7567b000 	C:\Windows\system32\profapi.dll
0x74590000 - 0x74595000 	C:\Windows\System32\wshtcpip.dll
0x5a9d0000 - 0x5ab93000 	C:\Windows\system32\d3d9.dll
0x75590000 - 0x75599000 	C:\Windows\system32\VERSION.dll
0x70e40000 - 0x70e46000 	C:\Windows\system32\d3d8thk.dll
0x65c50000 - 0x65cd4000 	C:\Windows\system32\aticfx32.dll
0x71f90000 - 0x71f9a000 	C:\Windows\system32\atiu9pag.dll
0x56640000 - 0x56a1d000 	C:\Windows\system32\atiumdag.dll
0x56220000 - 0x56563000 	C:\Windows\system32\atiumdva.dll
0x77490000 - 0x7751f000 	C:\Windows\syswow64\OLEAUT32.dll
0x77400000 - 0x77483000 	C:\Windows\syswow64\CLBCatQ.DLL
0x73e40000 - 0x73f35000 	C:\Windows\system32\propsys.dll
0x745e0000 - 0x74601000 	C:\Windows\system32\ntmarta.dll
0x759c0000 - 0x75a05000 	C:\Windows\syswow64\WLDAP32.dll
0x75e50000 - 0x75fed000 	C:\Windows\syswow64\SETUPAPI.dll
0x770a0000 - 0x770c7000 	C:\Windows\syswow64\CFGMGR32.dll
0x77010000 - 0x77022000 	C:\Windows\syswow64\DEVOBJ.dll
0x630d0000 - 0x63268000 	C:\Windows\system32\NetworkExplorer.dll
0x66370000 - 0x6639e000 	C:\Windows\System32\shdocvw.dll
0x4ad60000 - 0x4ad6a000 	C:\Windows\system32\slc.dll
0x6c3f0000 - 0x6c4eb000 	C:\Windows\system32\WindowsCodecs.dll
0x4af10000 - 0x4af27000 	C:\Users\sajed\AppData\Roaming\Dropbox\bin\DropboxExt.13.dll
0x74210000 - 0x742fb000 	C:\Windows\system32\dbghelp.dll
0x7c3a0000 - 0x7c41b000 	C:\Users\sajed\AppData\Roaming\Dropbox\bin\MSVCP71.dll
0x66120000 - 0x66151000 	C:\Windows\system32\EhStorShell.dll
0x65f00000 - 0x6611f000 	C:\Program Files (x86)\Microsoft Office\Office12\GrooveShellExtensions.dll
0x65e00000 - 0x65ef2000 	C:\Program Files (x86)\Microsoft Office\Office12\GrooveUtil.DLL
0x771e0000 - 0x772d5000 	C:\Windows\syswow64\WININET.dll
0x77850000 - 0x77986000 	C:\Windows\syswow64\urlmon.dll
0x77730000 - 0x7784c000 	C:\Windows\syswow64\CRYPT32.dll
0x77040000 - 0x7704c000 	C:\Windows\syswow64\MSASN1.dll
0x75a10000 - 0x75c0a000 	C:\Windows\syswow64\iertutil.dll
0x75710000 - 0x757ab000 	C:\Windows\WinSxS\x86_microsoft.vc80.crt_1fc8b3b9a1e18e3b_8.0.50727.4927_none_d08a205e442db5b5\MSVCR80.dll
0x66190000 - 0x66197000 	C:\Program Files (x86)\Microsoft Office\Office12\GrooveNew.DLL
0x66170000 - 0x6618b000 	C:\Windows\WinSxS\x86_microsoft.vc80.atl_1fc8b3b9a1e18e3b_8.0.50727.4053_none_d1c738ec43578ea1\ATL80.DLL
0x73970000 - 0x73975000 	C:\Windows\system32\MSImg32.dll
0x66300000 - 0x6636f000 	C:\Windows\system32\ntshrui.dll
0x74510000 - 0x74529000 	C:\Windows\system32\srvcli.dll
0x73d30000 - 0x73d3b000 	C:\Windows\system32\cscapi.dll
0x73980000 - 0x73992000 	C:\Windows\system32\MPR.dll
0x71430000 - 0x71438000 	C:\Windows\System32\drprov.dll
0x739a0000 - 0x739c9000 	C:\Windows\System32\WINSTA.dll
0x64240000 - 0x64254000 	C:\Windows\System32\ntlanman.dll
0x70fb0000 - 0x70fc7000 	C:\Windows\System32\davclnt.dll
0x71110000 - 0x71118000 	C:\Windows\System32\DAVHLPR.dll
0x74500000 - 0x7450f000 	C:\Windows\system32\wkscli.dll
0x74530000 - 0x74539000 	C:\Windows\system32\netutils.dll
0x56dc0000 - 0x56ff8000 	C:\Windows\system32\wpdshext.dll
0x717f0000 - 0x71980000 	C:\Windows\WinSxS\x86_microsoft.windows.gdiplus_6595b64144ccf1df_1.1.7600.16385_none_72fc7cbf861225ca\gdiplus.dll
0x6d6f0000 - 0x6d779000 	C:\Windows\system32\PortableDeviceApi.dll
0x76190000 - 0x761bd000 	C:\Windows\syswow64\WINTRUST.dll
0x6d790000 - 0x6d7cf000 	C:\Windows\system32\audiodev.dll
0x5ea00000 - 0x5ec67000 	C:\Windows\system32\WMVCore.DLL
0x6d7d0000 - 0x6d80d000 	C:\Windows\system32\WMASF.DLL
0x4b3a0000 - 0x4b3c2000 	C:\Windows\system32\EhStorAPI.dll
0x70cf0000 - 0x70cf9000 	C:\Windows\system32\LINKINFO.dll
0x74130000 - 0x74138000 	C:\Windows\system32\Secur32.dll
0x69370000 - 0x693a9000 	C:\Windows\System32\glpk_4_45_java.dll
0x5e360000 - 0x5e431000 	C:\Windows\system32\glpk_4_45.dll

VM Arguments:
jvm_args: -Xms1024M -Xmx1024M 
java_command: org.supremica.gui.ide.IDE -p dist/SupremicaProperties.cfg
Launcher Type: SUN_STANDARD

Environment Variables:
CLASSPATH=.;C:\Program Files (x86)\Graphviz2.22\bin;C:\Program Files (x86)\Java\jdk1.6.0_11\bin;C:\Program Files (x86)\Java\jre6\lib\ext\QTJava.zip
PATH=C:\Program Files\Common Files\Microsoft Shared\Windows Live;C:\Program Files (x86)\Common Files\Microsoft Shared\Windows Live;C:\Program Files (x86)\CollabNet\Subversion Client;C:\Program Files\ImageMagick-6.6.0-Q16;C:\Program Files (x86)\MiKTeX 2.7\miktex\bin;C:\Windows\system32;C:\Windows;C:\Windows\System32\Wbem;C:\Program Files\Intel\DMIX;C:\Program Files (x86)\ATI Technologies\ATI.ACE\Core-Static;C:\Program Files (x86)\Common Files\Roxio Shared\DLLShared\;C:\Program Files (x86)\Common Files\Roxio Shared\9.0\DLLShared\;C:\Mat7\bin;C:\Mat7\bin\win64;c:\Program Files (x86)\Microsoft SQL Server\90\Tools\binn\;C:\PROGRA~2\F-Secure\Ssh;C:\Program Files (x86)\Graphviz2.22\bin;C:\Program Files (x86)\Java\jdk1.6.0_11\bin;C:\Windows\System32\WindowsPowerShell\v1.0\;C:\Program Files (x86)\Gammu 1.27.90\bin;C:\Program Files (x86)\Windows Live\Shared;C:\Program Files (x86)\QuickTime\QTSystem\;C:\Program Files (x86)\SSH Communications Security\SSH Secure Shel
USERNAME=sajed
OS=Windows_NT
PROCESSOR_IDENTIFIER=Intel64 Family 6 Model 23 Stepping 10, GenuineIntel



---------------  S Y S T E M  ---------------

OS: Windows NT 6.1 Build 7600 

CPU:total 2 (2 cores per cpu, 1 threads per core) family 6 model 7 stepping 10, cmov, cx8, fxsr, mmx, sse, sse2, sse3, ssse3

Memory: 4k page, physical 4060784k(959720k free), swap 4194303k(2419680k free)

vm_info: Java HotSpot(TM) Client VM (11.0-b16) for windows-x86 JRE (1.6.0_11-b03), built on Nov 10 2008 02:15:12 by "java_re" with MS VC++ 7.1

time: Mon Feb 21 20:24:05 2011
elapsed time: 117 seconds

