<?xml version="1.0" encoding="UTF-8"?>
<trace:TraceModel xmi:version="2.0"
    xmlns:xmi="http://www.omg.org/XMI"
    xmlns:trace="http://www.eclipse.org/gmf/2006/Trace">
  <nodeTraces
      visualID="2010"
      queryText="(let _eClass_:ecore::EClass = modelFacet.metaClass.ecoreClass in _eClass_.ePackage.nsURI = 'http://supremica.org/external/sag' and _eClass_.name = 'Graph') and (let _containmentMF_:ecore::EStructuralFeature = modelFacet.containmentMetaFeature.ecoreFeature in (let _eClass_:ecore::EClass = _containmentMF_.eContainingClass in _eClass_.ePackage.nsURI = 'http://supremica.org/external/sag' and _eClass_.name = 'Project') and _containmentMF_.name = 'graph')">
    <nodeLabelTraces
        visualID="5004"
        queryText="true"/>
    <compartmentTraces
        visualID="7002"
        queryText="true"/>
  </nodeTraces>
  <childNodeTraces
      visualID="3006"
      queryText="(let _eClass_:ecore::EClass = modelFacet.metaClass.ecoreClass in _eClass_.ePackage.nsURI = 'http://supremica.org/external/sag' and _eClass_.name = 'SensorNode') and (let _containmentMF_:ecore::EStructuralFeature = modelFacet.containmentMetaFeature.ecoreFeature in (let _eClass_:ecore::EClass = _containmentMF_.eContainingClass in _eClass_.ePackage.nsURI = 'http://supremica.org/external/sag' and _eClass_.name = 'Graph') and _containmentMF_.name = 'node')">
    <nodeLabelTraces
        visualID="5003"
        queryText="true"/>
  </childNodeTraces>
  <childNodeTraces
      visualID="3007"
      queryText="(let _eClass_:ecore::EClass = modelFacet.metaClass.ecoreClass in _eClass_.ePackage.nsURI = 'http://supremica.org/external/sag' and _eClass_.name = 'EndNode') and (let _containmentMF_:ecore::EStructuralFeature = modelFacet.containmentMetaFeature.ecoreFeature in (let _eClass_:ecore::EClass = _containmentMF_.eContainingClass in _eClass_.ePackage.nsURI = 'http://supremica.org/external/sag' and _eClass_.name = 'Graph') and _containmentMF_.name = 'node')"/>
  <linkTraces
      visualID="4010"
      queryText="modelFacet.oclIsKindOf(gmfgen::TypeLinkModelFacet) and (let _eClass_:ecore::EClass = modelFacet.oclAsType(gmfgen::TypeLinkModelFacet).metaClass.ecoreClass in _eClass_.ePackage.nsURI = 'http://supremica.org/external/sag' and _eClass_.name = 'Zone')"/>
</trace:TraceModel>
